This file contains any messages produced by compilers while
running configure, to aid debugging if configure makes a mistake.

It was created by configure, which was
generated by GNU Autoconf 2.69.  Invocation command line was

  $ ./configure --disable-option-checking --prefix=/data/local/tmp/nontmp --cache-file=/dev/null --srcdir=.

## --------- ##
## Platform. ##
## --------- ##

hostname = comp
uname -m = x86_64
uname -r = 5.15.85-1-MANJARO
uname -s = Linux
uname -v = #1 SMP PREEMPT Wed Dec 21 21:15:06 UTC 2022

/usr/bin/uname -p = unknown
/bin/uname -X     = unknown

/bin/arch              = unknown
/usr/bin/arch -k       = unknown
/usr/convex/getsysinfo = unknown
/usr/bin/hostinfo      = unknown
/bin/machine           = unknown
/usr/bin/oslevel       = unknown
/bin/universe          = unknown

PATH: /home/jka/Android/Sdk/ndk/25.1.8937393/toolchains/llvm/prebuilt/linux-x86_64/bin
PATH: /home/jka/.local/bin
PATH: /home/jka/bin
PATH: /home/jka/.local/bin
PATH: /usr/local/bin
PATH: /usr/bin
PATH: /bin
PATH: /usr/local/sbin
PATH: /usr/lib/jvm/default/bin
PATH: /usr/bin/site_perl
PATH: /usr/bin/vendor_perl
PATH: /usr/bin/core_perl
PATH: /var/lib/snapd/snap/bin
PATH: /home/jka/.Garmin/ConnectIQ/Sdks/connectiq-sdk-lin-3.2.3-2020-10-13-c14e609bd/bin
PATH: /home/jka/Android/Sdk/platform-tools
PATH: /home/jka/Android/Sdk/tools
PATH: /home/jka/Android/Sdk/ndk/25.1.8937393


## ----------- ##
## Core tests. ##
## ----------- ##

configure:2189: checking build system type
configure:2203: result: x86_64-pc-linux-gnu
configure:2223: checking host system type
configure:2236: result: x86_64-pc-linux-android
configure:2256: checking target system type
configure:2269: result: x86_64-pc-linux-android
configure:2305: checking for x86_64-linux-android-gcc
configure:2321: found /home/jka/Android/Sdk/ndk/25.1.8937393/toolchains/llvm/prebuilt/linux-x86_64/bin/x86_64-linux-android-gcc
configure:2332: result: x86_64-linux-android-gcc
configure:2601: checking for C compiler version
configure:2610: x86_64-linux-android-gcc --version >&5
Android (8490178, based on r450784d) clang version 14.0.6 (https://android.googlesource.com/toolchain/llvm-project 4c603efb0cca074e9238af8b4106c30add4418f6)
Target: x86_64-unknown-linux-android29
Thread model: posix
InstalledDir: /home/jka/Android/Sdk/ndk/25.1.8937393/toolchains/llvm/prebuilt/linux-x86_64/bin
configure:2621: $? = 0
configure:2610: x86_64-linux-android-gcc -v >&5
Android (8490178, based on r450784d) clang version 14.0.6 (https://android.googlesource.com/toolchain/llvm-project 4c603efb0cca074e9238af8b4106c30add4418f6)
Target: x86_64-unknown-linux-android29
Thread model: posix
InstalledDir: /home/jka/Android/Sdk/ndk/25.1.8937393/toolchains/llvm/prebuilt/linux-x86_64/bin
configure:2621: $? = 0
configure:2610: x86_64-linux-android-gcc -V >&5
clang-14: error: argument to '-V' is missing (expected 1 value)
clang-14: error: no input files
configure:2621: $? = 1
configure:2610: x86_64-linux-android-gcc -qversion >&5
clang-14: error: unknown argument '-qversion'; did you mean '--version'?
clang-14: error: no input files
configure:2621: $? = 1
configure:2641: checking whether the C compiler works
configure:2663: x86_64-linux-android-gcc -I/home/jka/src/bed-3.1.3/include -DANDROID_STL=c++_static  -static-libstdc++ -L/home/jka/src/bed-3.1.3/libs/androidx86_64 conftest.c  >&5
clang-14: warning: argument unused during compilation: '-static-libstdc++' [-Wunused-command-line-argument]
configure:2667: $? = 0
configure:2715: result: yes
configure:2718: checking for C compiler default output file name
configure:2720: result: a.out
configure:2726: checking for suffix of executables
configure:2733: x86_64-linux-android-gcc -o conftest -I/home/jka/src/bed-3.1.3/include -DANDROID_STL=c++_static  -static-libstdc++ -L/home/jka/src/bed-3.1.3/libs/androidx86_64 conftest.c  >&5
clang-14: warning: argument unused during compilation: '-static-libstdc++' [-Wunused-command-line-argument]
configure:2737: $? = 0
configure:2759: result: 
configure:2781: checking whether we are cross compiling
configure:2819: result: yes
configure:2824: checking for suffix of object files
configure:2846: x86_64-linux-android-gcc -c -I/home/jka/src/bed-3.1.3/include -DANDROID_STL=c++_static  conftest.c >&5
configure:2850: $? = 0
configure:2871: result: o
configure:2875: checking whether we are using the GNU C compiler
configure:2894: x86_64-linux-android-gcc -c -I/home/jka/src/bed-3.1.3/include -DANDROID_STL=c++_static  conftest.c >&5
configure:2894: $? = 0
configure:2903: result: yes
configure:2912: checking whether x86_64-linux-android-gcc accepts -g
configure:2932: x86_64-linux-android-gcc -c -g  conftest.c >&5
configure:2932: $? = 0
configure:2973: result: yes
configure:2990: checking for x86_64-linux-android-gcc option to accept ISO C89
configure:3053: x86_64-linux-android-gcc  -c -I/home/jka/src/bed-3.1.3/include -DANDROID_STL=c++_static  conftest.c >&5
configure:3053: $? = 0
configure:3066: result: none needed
configure:3100: checking for a BSD-compatible install
configure:3168: result: /usr/bin/install -c
configure:3186: checking how to run the C preprocessor
configure:3217: x86_64-linux-android-gcc -E  conftest.c
configure:3217: $? = 0
configure:3231: x86_64-linux-android-gcc -E  conftest.c
conftest.c:9:10: fatal error: 'ac_nonexistent.h' file not found
#include <ac_nonexistent.h>
         ^~~~~~~~~~~~~~~~~~
1 error generated.
configure:3231: $? = 1
configure: failed program was:
| /* confdefs.h */
| #define PACKAGE_NAME ""
| #define PACKAGE_TARNAME ""
| #define PACKAGE_VERSION ""
| #define PACKAGE_STRING ""
| #define PACKAGE_BUGREPORT ""
| #define PACKAGE_URL ""
| /* end confdefs.h.  */
| #include <ac_nonexistent.h>
configure:3256: result: x86_64-linux-android-gcc -E
configure:3276: x86_64-linux-android-gcc -E  conftest.c
configure:3276: $? = 0
configure:3290: x86_64-linux-android-gcc -E  conftest.c
conftest.c:9:10: fatal error: 'ac_nonexistent.h' file not found
#include <ac_nonexistent.h>
         ^~~~~~~~~~~~~~~~~~
1 error generated.
configure:3290: $? = 1
configure: failed program was:
| /* confdefs.h */
| #define PACKAGE_NAME ""
| #define PACKAGE_TARNAME ""
| #define PACKAGE_VERSION ""
| #define PACKAGE_STRING ""
| #define PACKAGE_BUGREPORT ""
| #define PACKAGE_URL ""
| /* end confdefs.h.  */
| #include <ac_nonexistent.h>
configure:3319: checking for grep that handles long lines and -e
configure:3377: result: /usr/bin/grep
configure:3382: checking for egrep
configure:3444: result: /usr/bin/grep -E
configure:3449: checking for ANSI C header files
configure:3469: x86_64-linux-android-gcc -c -I/home/jka/src/bed-3.1.3/include -DANDROID_STL=c++_static  conftest.c >&5
configure:3469: $? = 0
configure:3553: result: yes
configure:3566: checking for sys/types.h
configure:3566: x86_64-linux-android-gcc -c -I/home/jka/src/bed-3.1.3/include -DANDROID_STL=c++_static  conftest.c >&5
configure:3566: $? = 0
configure:3566: result: yes
configure:3566: checking for sys/stat.h
configure:3566: x86_64-linux-android-gcc -c -I/home/jka/src/bed-3.1.3/include -DANDROID_STL=c++_static  conftest.c >&5
configure:3566: $? = 0
configure:3566: result: yes
configure:3566: checking for stdlib.h
configure:3566: x86_64-linux-android-gcc -c -I/home/jka/src/bed-3.1.3/include -DANDROID_STL=c++_static  conftest.c >&5
configure:3566: $? = 0
configure:3566: result: yes
configure:3566: checking for string.h
configure:3566: x86_64-linux-android-gcc -c -I/home/jka/src/bed-3.1.3/include -DANDROID_STL=c++_static  conftest.c >&5
configure:3566: $? = 0
configure:3566: result: yes
configure:3566: checking for memory.h
configure:3566: x86_64-linux-android-gcc -c -I/home/jka/src/bed-3.1.3/include -DANDROID_STL=c++_static  conftest.c >&5
configure:3566: $? = 0
configure:3566: result: yes
configure:3566: checking for strings.h
configure:3566: x86_64-linux-android-gcc -c -I/home/jka/src/bed-3.1.3/include -DANDROID_STL=c++_static  conftest.c >&5
configure:3566: $? = 0
configure:3566: result: yes
configure:3566: checking for inttypes.h
configure:3566: x86_64-linux-android-gcc -c -I/home/jka/src/bed-3.1.3/include -DANDROID_STL=c++_static  conftest.c >&5
configure:3566: $? = 0
configure:3566: result: yes
configure:3566: checking for stdint.h
configure:3566: x86_64-linux-android-gcc -c -I/home/jka/src/bed-3.1.3/include -DANDROID_STL=c++_static  conftest.c >&5
configure:3566: $? = 0
configure:3566: result: yes
configure:3566: checking for unistd.h
configure:3566: x86_64-linux-android-gcc -c -I/home/jka/src/bed-3.1.3/include -DANDROID_STL=c++_static  conftest.c >&5
configure:3566: $? = 0
configure:3566: result: yes
configure:3579: checking minix/config.h usability
configure:3579: x86_64-linux-android-gcc -c -I/home/jka/src/bed-3.1.3/include -DANDROID_STL=c++_static  conftest.c >&5
conftest.c:52:10: fatal error: 'minix/config.h' file not found
#include <minix/config.h>
         ^~~~~~~~~~~~~~~~
1 error generated.
configure:3579: $? = 1
configure: failed program was:
| /* confdefs.h */
| #define PACKAGE_NAME ""
| #define PACKAGE_TARNAME ""
| #define PACKAGE_VERSION ""
| #define PACKAGE_STRING ""
| #define PACKAGE_BUGREPORT ""
| #define PACKAGE_URL ""
| #define STDC_HEADERS 1
| #define HAVE_SYS_TYPES_H 1
| #define HAVE_SYS_STAT_H 1
| #define HAVE_STDLIB_H 1
| #define HAVE_STRING_H 1
| #define HAVE_MEMORY_H 1
| #define HAVE_STRINGS_H 1
| #define HAVE_INTTYPES_H 1
| #define HAVE_STDINT_H 1
| #define HAVE_UNISTD_H 1
| /* end confdefs.h.  */
| #include <stdio.h>
| #ifdef HAVE_SYS_TYPES_H
| # include <sys/types.h>
| #endif
| #ifdef HAVE_SYS_STAT_H
| # include <sys/stat.h>
| #endif
| #ifdef STDC_HEADERS
| # include <stdlib.h>
| # include <stddef.h>
| #else
| # ifdef HAVE_STDLIB_H
| #  include <stdlib.h>
| # endif
| #endif
| #ifdef HAVE_STRING_H
| # if !defined STDC_HEADERS && defined HAVE_MEMORY_H
| #  include <memory.h>
| # endif
| # include <string.h>
| #endif
| #ifdef HAVE_STRINGS_H
| # include <strings.h>
| #endif
| #ifdef HAVE_INTTYPES_H
| # include <inttypes.h>
| #endif
| #ifdef HAVE_STDINT_H
| # include <stdint.h>
| #endif
| #ifdef HAVE_UNISTD_H
| # include <unistd.h>
| #endif
| #include <minix/config.h>
configure:3579: result: no
configure:3579: checking minix/config.h presence
configure:3579: x86_64-linux-android-gcc -E  conftest.c
conftest.c:19:10: fatal error: 'minix/config.h' file not found
#include <minix/config.h>
         ^~~~~~~~~~~~~~~~
1 error generated.
configure:3579: $? = 1
configure: failed program was:
| /* confdefs.h */
| #define PACKAGE_NAME ""
| #define PACKAGE_TARNAME ""
| #define PACKAGE_VERSION ""
| #define PACKAGE_STRING ""
| #define PACKAGE_BUGREPORT ""
| #define PACKAGE_URL ""
| #define STDC_HEADERS 1
| #define HAVE_SYS_TYPES_H 1
| #define HAVE_SYS_STAT_H 1
| #define HAVE_STDLIB_H 1
| #define HAVE_STRING_H 1
| #define HAVE_MEMORY_H 1
| #define HAVE_STRINGS_H 1
| #define HAVE_INTTYPES_H 1
| #define HAVE_STDINT_H 1
| #define HAVE_UNISTD_H 1
| /* end confdefs.h.  */
| #include <minix/config.h>
configure:3579: result: no
configure:3579: checking for minix/config.h
configure:3579: result: no
configure:3600: checking whether it is safe to define __EXTENSIONS__
configure:3618: x86_64-linux-android-gcc -c -I/home/jka/src/bed-3.1.3/include -DANDROID_STL=c++_static  conftest.c >&5
configure:3618: $? = 0
configure:3625: result: yes
configure:3642: checking for library containing getmntent
configure:3673: x86_64-linux-android-gcc -o conftest -I/home/jka/src/bed-3.1.3/include -DANDROID_STL=c++_static  -static-libstdc++ -L/home/jka/src/bed-3.1.3/libs/androidx86_64 conftest.c  >&5
clang-14: warning: argument unused during compilation: '-static-libstdc++' [-Wunused-command-line-argument]
configure:3673: $? = 0
configure:3690: result: none required
configure:3704: checking for library containing strerror
configure:3735: x86_64-linux-android-gcc -o conftest -I/home/jka/src/bed-3.1.3/include -DANDROID_STL=c++_static  -static-libstdc++ -L/home/jka/src/bed-3.1.3/libs/androidx86_64 conftest.c  >&5
clang-14: warning: argument unused during compilation: '-static-libstdc++' [-Wunused-command-line-argument]
conftest.c:32:6: warning: incompatible redeclaration of library function 'strerror' [-Wincompatible-library-redeclaration]
char strerror ();
     ^
conftest.c:32:6: note: 'strerror' is a builtin with type 'char *(int)'
1 warning generated.
configure:3735: $? = 0
configure:3752: result: none required
configure:3762: checking for ANSI C header files
configure:3866: result: yes
configure:3876: checking for string.h
configure:3876: result: yes
configure:3887: checking for size_t
configure:3887: x86_64-linux-android-gcc -c -I/home/jka/src/bed-3.1.3/include -DANDROID_STL=c++_static  conftest.c >&5
configure:3887: $? = 0
configure:3887: x86_64-linux-android-gcc -c -I/home/jka/src/bed-3.1.3/include -DANDROID_STL=c++_static  conftest.c >&5
conftest.c:63:21: error: expected expression
if (sizeof ((size_t)))
                    ^
1 error generated.
configure:3887: $? = 1
configure: failed program was:
| /* confdefs.h */
| #define PACKAGE_NAME ""
| #define PACKAGE_TARNAME ""
| #define PACKAGE_VERSION ""
| #define PACKAGE_STRING ""
| #define PACKAGE_BUGREPORT ""
| #define PACKAGE_URL ""
| #define STDC_HEADERS 1
| #define HAVE_SYS_TYPES_H 1
| #define HAVE_SYS_STAT_H 1
| #define HAVE_STDLIB_H 1
| #define HAVE_STRING_H 1
| #define HAVE_MEMORY_H 1
| #define HAVE_STRINGS_H 1
| #define HAVE_INTTYPES_H 1
| #define HAVE_STDINT_H 1
| #define HAVE_UNISTD_H 1
| #define __EXTENSIONS__ 1
| #define _ALL_SOURCE 1
| #define _GNU_SOURCE 1
| #define _POSIX_PTHREAD_SEMANTICS 1
| #define _TANDEM_SOURCE 1
| #define HAVE_GETMNTENT 1
| #define STDC_HEADERS 1
| #define HAVE_STRING_H 1
| /* end confdefs.h.  */
| #include <stdio.h>
| #ifdef HAVE_SYS_TYPES_H
| # include <sys/types.h>
| #endif
| #ifdef HAVE_SYS_STAT_H
| # include <sys/stat.h>
| #endif
| #ifdef STDC_HEADERS
| # include <stdlib.h>
| # include <stddef.h>
| #else
| # ifdef HAVE_STDLIB_H
| #  include <stdlib.h>
| # endif
| #endif
| #ifdef HAVE_STRING_H
| # if !defined STDC_HEADERS && defined HAVE_MEMORY_H
| #  include <memory.h>
| # endif
| # include <string.h>
| #endif
| #ifdef HAVE_STRINGS_H
| # include <strings.h>
| #endif
| #ifdef HAVE_INTTYPES_H
| # include <inttypes.h>
| #endif
| #ifdef HAVE_STDINT_H
| # include <stdint.h>
| #endif
| #ifdef HAVE_UNISTD_H
| # include <unistd.h>
| #endif
| int
| main ()
| {
| if (sizeof ((size_t)))
| 	    return 0;
|   ;
|   return 0;
| }
configure:3887: result: yes
configure:3900: checking for working alloca.h
configure:3917: x86_64-linux-android-gcc -o conftest -I/home/jka/src/bed-3.1.3/include -DANDROID_STL=c++_static  -static-libstdc++ -L/home/jka/src/bed-3.1.3/libs/androidx86_64 conftest.c  >&5
clang-14: warning: argument unused during compilation: '-static-libstdc++' [-Wunused-command-line-argument]
configure:3917: $? = 0
configure:3925: result: yes
configure:3933: checking for alloca
configure:3970: x86_64-linux-android-gcc -o conftest -I/home/jka/src/bed-3.1.3/include -DANDROID_STL=c++_static  -static-libstdc++ -L/home/jka/src/bed-3.1.3/libs/androidx86_64 conftest.c  >&5
clang-14: warning: argument unused during compilation: '-static-libstdc++' [-Wunused-command-line-argument]
configure:3970: $? = 0
configure:3978: result: yes
configure:4084: checking for an ANSI C-conforming const
configure:4150: x86_64-linux-android-gcc -c -I/home/jka/src/bed-3.1.3/include -DANDROID_STL=c++_static  conftest.c >&5
configure:4150: $? = 0
configure:4157: result: yes
configure:4419: creating ./config.status

## ---------------------- ##
## Running config.status. ##
## ---------------------- ##

This file was extended by config.status, which was
generated by GNU Autoconf 2.69.  Invocation command line was

  CONFIG_FILES    = 
  CONFIG_HEADERS  = 
  CONFIG_LINKS    = 
  CONFIG_COMMANDS = 
  $ ./config.status 

on comp

config.status:742: creating Makefile

## ---------------- ##
## Cache variables. ##
## ---------------- ##

ac_cv_build=x86_64-pc-linux-gnu
ac_cv_c_compiler_gnu=yes
ac_cv_c_const=yes
ac_cv_env_CC_set=
ac_cv_env_CC_value=
ac_cv_env_CFLAGS_set=
ac_cv_env_CFLAGS_value=
ac_cv_env_CPPFLAGS_set=
ac_cv_env_CPPFLAGS_value=
ac_cv_env_CPP_set=
ac_cv_env_CPP_value=
ac_cv_env_LDFLAGS_set=
ac_cv_env_LDFLAGS_value=
ac_cv_env_LIBS_set=
ac_cv_env_LIBS_value=
ac_cv_env_build_alias_set=
ac_cv_env_build_alias_value=
ac_cv_env_host_alias_set=
ac_cv_env_host_alias_value=
ac_cv_env_target_alias_set=
ac_cv_env_target_alias_value=
ac_cv_func_alloca_works=yes
ac_cv_func_getmntent=yes
ac_cv_header_inttypes_h=yes
ac_cv_header_memory_h=yes
ac_cv_header_minix_config_h=no
ac_cv_header_stdc=yes
ac_cv_header_stdint_h=yes
ac_cv_header_stdlib_h=yes
ac_cv_header_string_h=yes
ac_cv_header_strings_h=yes
ac_cv_header_sys_stat_h=yes
ac_cv_header_sys_types_h=yes
ac_cv_header_unistd_h=yes
ac_cv_host=x86_64-pc-linux-android
ac_cv_objext=o
ac_cv_path_EGREP='/usr/bin/grep -E'
ac_cv_path_GREP=/usr/bin/grep
ac_cv_path_install='/usr/bin/install -c'
ac_cv_prog_CC=x86_64-linux-android-gcc
ac_cv_prog_CPP='x86_64-linux-android-gcc -E'
ac_cv_prog_cc_c89=
ac_cv_prog_cc_g=yes
ac_cv_safe_to_define___extensions__=yes
ac_cv_search_getmntent='none required'
ac_cv_search_strerror='none required'
ac_cv_target=x86_64-pc-linux-android
ac_cv_type_size_t=yes
ac_cv_working_alloca_h=yes

## ----------------- ##
## Output variables. ##
## ----------------- ##

ALLOCA=''
CC='x86_64-linux-android-gcc'
CFLAGS='-I/home/jka/src/bed-3.1.3/include -DANDROID_STL=c++_static'
CPP='x86_64-linux-android-gcc -E'
CPPFLAGS=''
DEFS='-DPACKAGE_NAME=\"\" -DPACKAGE_TARNAME=\"\" -DPACKAGE_VERSION=\"\" -DPACKAGE_STRING=\"\" -DPACKAGE_BUGREPORT=\"\" -DPACKAGE_URL=\"\" -DSTDC_HEADERS=1 -DHAVE_SYS_TYPES_H=1 -DHAVE_SYS_STAT_H=1 -DHAVE_STDLIB_H=1 -DHAVE_STRING_H=1 -DHAVE_MEMORY_H=1 -DHAVE_STRINGS_H=1 -DHAVE_INTTYPES_H=1 -DHAVE_STDINT_H=1 -DHAVE_UNISTD_H=1 -D__EXTENSIONS__=1 -D_ALL_SOURCE=1 -D_GNU_SOURCE=1 -D_POSIX_PTHREAD_SEMANTICS=1 -D_TANDEM_SOURCE=1 -DHAVE_GETMNTENT=1 -DSTDC_HEADERS=1 -DHAVE_STRING_H=1 -DHAVE_ALLOCA_H=1 -DHAVE_ALLOCA=1'
ECHO_C=''
ECHO_N='-n'
ECHO_T=''
EGREP='/usr/bin/grep -E'
EXEEXT=''
GREP='/usr/bin/grep'
INSTALL_DATA='${INSTALL} -m 644'
INSTALL_PROGRAM='${INSTALL}'
INSTALL_SCRIPT='${INSTALL}'
LDFLAGS='-static-libstdc++ -L/home/jka/src/bed-3.1.3/libs/androidx86_64'
LIBOBJS=''
LIBS=''
LTLIBOBJS=''
OBJEXT='o'
PACKAGE_BUGREPORT=''
PACKAGE_NAME=''
PACKAGE_STRING=''
PACKAGE_TARNAME=''
PACKAGE_URL=''
PACKAGE_VERSION=''
PATH_SEPARATOR=':'
SHELL='/bin/sh'
ac_ct_CC=''
ac_prefix_program=''
bindir='${exec_prefix}/bin'
build='x86_64-pc-linux-gnu'
build_alias=''
build_cpu='x86_64'
build_os='linux-gnu'
build_vendor='pc'
datadir='${datarootdir}'
datarootdir='${prefix}/share'
docdir='${datarootdir}/doc/${PACKAGE}'
dvidir='${docdir}'
exec_prefix='${prefix}'
host='x86_64-pc-linux-android'
host_alias='x86_64-linux-android'
host_cpu='x86_64'
host_os='linux-android'
host_vendor='pc'
htmldir='${docdir}'
includedir='${prefix}/include'
infodir='${datarootdir}/info'
libdir='${exec_prefix}/lib'
libexecdir='${exec_prefix}/libexec'
localedir='${datarootdir}/locale'
localstatedir='${prefix}/var'
mandir='${datarootdir}/man'
oldincludedir='/usr/include'
pdfdir='${docdir}'
prefix='/data/local/tmp/nontmp'
program_transform_name='s,x,x,'
psdir='${docdir}'
sbindir='${exec_prefix}/sbin'
sharedstatedir='${prefix}/com'
sysconfdir='${prefix}/etc'
target='x86_64-pc-linux-android'
target_alias=''
target_cpu='x86_64'
target_os='linux-android'
target_vendor='pc'

## ----------- ##
## confdefs.h. ##
## ----------- ##

/* confdefs.h */
#define PACKAGE_NAME ""
#define PACKAGE_TARNAME ""
#define PACKAGE_VERSION ""
#define PACKAGE_STRING ""
#define PACKAGE_BUGREPORT ""
#define PACKAGE_URL ""
#define STDC_HEADERS 1
#define HAVE_SYS_TYPES_H 1
#define HAVE_SYS_STAT_H 1
#define HAVE_STDLIB_H 1
#define HAVE_STRING_H 1
#define HAVE_MEMORY_H 1
#define HAVE_STRINGS_H 1
#define HAVE_INTTYPES_H 1
#define HAVE_STDINT_H 1
#define HAVE_UNISTD_H 1
#define __EXTENSIONS__ 1
#define _ALL_SOURCE 1
#define _GNU_SOURCE 1
#define _POSIX_PTHREAD_SEMANTICS 1
#define _TANDEM_SOURCE 1
#define HAVE_GETMNTENT 1
#define STDC_HEADERS 1
#define HAVE_STRING_H 1
#define HAVE_ALLOCA_H 1
#define HAVE_ALLOCA 1

configure: exit 0
