This file contains any messages produced by compilers while
running configure, to aid debugging if configure makes a mistake.

It was created by bed configure 2.27.3, which was
generated by GNU Autoconf 2.69.  Invocation command line was

  $ ./configure 

## --------- ##
## Platform. ##
## --------- ##

hostname = hypoperfusion
uname -m = x86_64
uname -r = 2.9.0(0.318/5/3)
uname -s = CYGWIN_NT-10.0
uname -v = 2017-09-12 10:18

/usr/bin/uname -p = unknown
/bin/uname -X     = unknown

/bin/arch              = x86_64
/usr/bin/arch -k       = unknown
/usr/convex/getsysinfo = unknown
/usr/bin/hostinfo      = unknown
/bin/machine           = unknown
/usr/bin/oslevel       = unknown
/bin/universe          = unknown

PATH: /usr/local/bin
PATH: /usr/bin
PATH: /cygdrive/c/ProgramData/Oracle/Java/javapath
PATH: /cygdrive/c/Program Files (x86)/PC Connectivity Solution
PATH: /cygdrive/c/Program Files (x86)/Embarcadero/Studio/15.0/bin
PATH: /cygdrive/c/Users/Public/Documents/Embarcadero/Studio/15.0/Bpl
PATH: /cygdrive/c/Program Files (x86)/Embarcadero/Studio/15.0/bin64
PATH: /cygdrive/c/Users/Public/Documents/Embarcadero/Studio/15.0/Bpl/Win64
PATH: /cygdrive/c/WINDOWS/system32
PATH: /cygdrive/c/WINDOWS
PATH: /cygdrive/c/WINDOWS/System32/Wbem
PATH: /cygdrive/c/WINDOWS/System32/WindowsPowerShell/v1.0
PATH: /usr/bin
PATH: /usr/sbin
PATH: /cygdrive/c/bin
PATH: /cygdrive/c/usr/bin
PATH: /cygdrive/c/Program Files (x86)/Calibre2
PATH: /cygdrive/c
PATH: /cygdrive/c/Users/jka/AppData/Local/Microsoft/WindowsApps
PATH: /home/jka/bin
PATH: /home/jka/bin


## ----------- ##
## Core tests. ##
## ----------- ##

configure:1778: checking for gcc
configure:1794: found /usr/bin/gcc
configure:1805: result: gcc
configure:2034: checking for C compiler version
configure:2043: gcc --version >&5
gcc (GCC) 6.4.0
Copyright (C) 2017 Free Software Foundation, Inc.
This is free software; see the source for copying conditions.  There is NO
warranty; not even for MERCHANTABILITY or FITNESS FOR A PARTICULAR PURPOSE.

configure:2054: $? = 0
configure:2043: gcc -v >&5
Using built-in specs.
COLLECT_GCC=gcc
COLLECT_LTO_WRAPPER=/usr/lib/gcc/x86_64-pc-cygwin/6.4.0/lto-wrapper.exe
Target: x86_64-pc-cygwin
Configured with: /cygdrive/i/szsz/tmpp/gcc/gcc-6.4.0-1.x86_64/src/gcc-6.4.0/configure --srcdir=/cygdrive/i/szsz/tmpp/gcc/gcc-6.4.0-1.x86_64/src/gcc-6.4.0 --prefix=/usr --exec-prefix=/usr --localstatedir=/var --sysconfdir=/etc --docdir=/usr/share/doc/gcc --htmldir=/usr/share/doc/gcc/html -C --build=x86_64-pc-cygwin --host=x86_64-pc-cygwin --target=x86_64-pc-cygwin --without-libiconv-prefix --without-libintl-prefix --libexecdir=/usr/lib --enable-shared --enable-shared-libgcc --enable-static --enable-version-specific-runtime-libs --enable-bootstrap --enable-__cxa_atexit --with-dwarf2 --with-tune=generic --enable-languages=ada,c,c++,fortran,lto,objc,obj-c++ --enable-graphite --enable-threads=posix --enable-libatomic --enable-libcilkrts --enable-libgomp --enable-libitm --enable-libquadmath --enable-libquadmath-support --enable-libssp --enable-libada --disable-symvers --with-gnu-ld --with-gnu-as --with-cloog-include=/usr/include/cloog-isl --without-libiconv-prefix --without-libintl-prefix --with-system-zlib --enable-linker-build-id --with-default-libstdcxx-abi=gcc4-compatible
Thread model: posix
gcc version 6.4.0 (GCC) 
configure:2054: $? = 0
configure:2043: gcc -V >&5
gcc: error: unrecognized command line option '-V'
gcc: fatal error: no input files
compilation terminated.
configure:2054: $? = 1
configure:2043: gcc -qversion >&5
gcc: error: unrecognized command line option '-qversion'; did you mean '--version'?
gcc: fatal error: no input files
compilation terminated.
configure:2054: $? = 1
configure:2074: checking whether the C compiler works
configure:2096: gcc    conftest.c  >&5
configure:2100: $? = 0
configure:2148: result: yes
configure:2151: checking for C compiler default output file name
configure:2153: result: a.exe
configure:2159: checking for suffix of executables
configure:2166: gcc -o conftest.exe    conftest.c  >&5
configure:2170: $? = 0
configure:2192: result: .exe
configure:2214: checking whether we are cross compiling
configure:2222: gcc -o conftest.exe    conftest.c  >&5
configure:2226: $? = 0
configure:2233: ./conftest.exe
configure:2237: $? = 0
configure:2252: result: no
configure:2257: checking for suffix of object files
configure:2279: gcc -c   conftest.c >&5
configure:2283: $? = 0
configure:2304: result: o
configure:2308: checking whether we are using the GNU C compiler
configure:2327: gcc -c   conftest.c >&5
configure:2327: $? = 0
configure:2336: result: yes
configure:2345: checking whether gcc accepts -g
configure:2365: gcc -c -g  conftest.c >&5
configure:2365: $? = 0
configure:2406: result: yes
configure:2423: checking for gcc option to accept ISO C89
configure:2486: gcc  -c -g -O2  conftest.c >&5
configure:2486: $? = 0
configure:2499: result: none needed
configure:2671: creating ./config.status

## ---------------------- ##
## Running config.status. ##
## ---------------------- ##

This file was extended by bed config.status 2.27.3, which was
generated by GNU Autoconf 2.69.  Invocation command line was

  CONFIG_FILES    = 
  CONFIG_HEADERS  = 
  CONFIG_LINKS    = 
  CONFIG_COMMANDS = 
  $ ./config.status 

on hypoperfusion

config.status:719: creating build

## ---------------- ##
## Cache variables. ##
## ---------------- ##

ac_cv_c_compiler_gnu=yes
ac_cv_env_CC_set=
ac_cv_env_CC_value=
ac_cv_env_CFLAGS_set=
ac_cv_env_CFLAGS_value=
ac_cv_env_CPPFLAGS_set=
ac_cv_env_CPPFLAGS_value=
ac_cv_env_LDFLAGS_set=
ac_cv_env_LDFLAGS_value=
ac_cv_env_LIBS_set=
ac_cv_env_LIBS_value=
ac_cv_env_build_alias_set=
ac_cv_env_build_alias_value=
ac_cv_env_host_alias_set=
ac_cv_env_host_alias_value=
ac_cv_env_target_alias_set=
ac_cv_env_target_alias_value=
ac_cv_exeext=.exe
ac_cv_objext=o
ac_cv_prog_ac_ct_CC=gcc
ac_cv_prog_cc_c89=
ac_cv_prog_cc_g=yes

## ----------------- ##
## Output variables. ##
## ----------------- ##

CC='gcc'
CFLAGS='-g -O2'
CPPFLAGS=''
DEFS='-DPACKAGE_NAME=\"bed\" -DPACKAGE_TARNAME=\"bed\" -DPACKAGE_VERSION=\"2.27.3\" -DPACKAGE_STRING=\"bed\ 2.27.3\" -DPACKAGE_BUGREPORT=\"binaryeditor@gmx.com\" -DPACKAGE_URL=\"\"'
ECHO_C=''
ECHO_N='-n'
ECHO_T=''
EXEEXT='.exe'
LDFLAGS=''
LIBOBJS=''
LIBS=''
LTLIBOBJS=''
OBJEXT='o'
PACKAGE_BUGREPORT='binaryeditor@gmx.com'
PACKAGE_NAME='bed'
PACKAGE_STRING='bed 2.27.3'
PACKAGE_TARNAME='bed'
PACKAGE_URL=''
PACKAGE_VERSION='2.27.3'
PATH_SEPARATOR=':'
SHELL='/bin/sh'
ac_ct_CC='gcc'
bindir='${exec_prefix}/bin'
build_alias=''
datadir='${datarootdir}'
datarootdir='${prefix}/share'
docdir='${datarootdir}/doc/${PACKAGE_TARNAME}'
dvidir='${docdir}'
exec_prefix='${prefix}'
host_alias=''
htmldir='${docdir}'
includedir='${prefix}/include'
infodir='${datarootdir}/info'
libdir='${exec_prefix}/lib'
libexecdir='${exec_prefix}/libexec'
localedir='${datarootdir}/locale'
localstatedir='${prefix}/var'
mandir='${datarootdir}/man'
oldincludedir='/usr/include'
pdfdir='${docdir}'
prefix='/usr/local'
program_transform_name='s,x,x,'
psdir='${docdir}'
sbindir='${exec_prefix}/sbin'
sharedstatedir='${prefix}/com'
sysconfdir='${prefix}/etc'
target_alias=''

## ----------- ##
## confdefs.h. ##
## ----------- ##

/* confdefs.h */
#define PACKAGE_NAME "bed"
#define PACKAGE_TARNAME "bed"
#define PACKAGE_VERSION "2.27.3"
#define PACKAGE_STRING "bed 2.27.3"
#define PACKAGE_BUGREPORT "binaryeditor@gmx.com"
#define PACKAGE_URL ""

configure: exit 0
